\BOOKMARK [0][-]{chapter.1}{\376\377\173\054\116\000\172\340\000\040\000\040\133\146\117\115\213\272\145\207\211\304\203\003\123\026\166\204\141\017\116\111}{}% 1
\BOOKMARK [0][-]{chapter.2}{\376\377\173\054\116\214\172\340\000\040\000\040\133\146\117\115\213\272\145\207\211\304\203\003}{}% 2
\BOOKMARK [1][-]{section.2.1}{\376\377\0002\000.\0001\000\040\133\146\117\115\213\272\145\207\166\204\176\270\137\040\060\001\133\127\117\123\060\001\165\050\176\270\123\312\230\172\136\217\060\001\230\165\170\001\133\211\143\222}{chapter.2}% 3
\BOOKMARK [2][-]{subsection.2.1.1}{\376\377\0002\000.\0001\000.\0001\000\040\213\272\145\207\176\270\137\040\060\001\210\114\215\335\060\001\230\165\217\271\215\335\123\312\230\165\167\011}{section.2.1}% 4
\BOOKMARK [2][-]{subsection.2.1.2}{\376\377\0002\000.\0001\000.\0002\000\040\213\272\145\207\165\050\133\127\116\016\142\123\123\160\060\001\230\165\170\001\133\211\143\222}{section.2.1}% 5
\BOOKMARK [2][-]{subsection.2.1.3}{\376\377\0002\000.\0001\000.\0003\000\040\213\272\145\207\230\172\136\217}{section.2.1}% 6
\BOOKMARK [1][-]{section.2.2}{\376\377\0002\000.\0002\000\040\133\146\117\115\213\272\145\207\166\204\134\001\227\142\060\001\122\033\145\260\140\047\213\364\146\016\123\312\133\146\117\115\213\272\145\207\117\177\165\050\143\210\147\103\166\204\213\364\146\016\060\001\116\055\145\207\144\130\211\201\060\001\202\361\145\207\144\130\211\201\060\001\166\356\137\125\123\312\116\073\211\201\173\046\123\367\210\150\166\204\211\304\203\003}{chapter.2}% 7
\BOOKMARK [2][-]{subsection.2.2.1}{\376\377\0002\000.\0002\000.\0001\000\040\134\001\227\142}{section.2.2}% 8
\BOOKMARK [2][-]{subsection.2.2.2}{\376\377\0002\000.\0002\000.\0002\000\040\133\146\117\115\213\272\145\207\122\033\145\260\140\047\213\364\146\016\123\312\133\146\117\115\213\272\145\207\117\177\165\050\143\210\147\103\166\204\213\364\146\016}{section.2.2}% 9
\BOOKMARK [2][-]{subsection.2.2.3}{\376\377\0002\000.\0002\000.\0003\000\040\116\055\145\207\144\130\211\201}{section.2.2}% 10
\BOOKMARK [2][-]{subsection.2.2.4}{\376\377\0002\000.\0002\000.\0004\000\040\202\361\145\207\144\130\211\201}{section.2.2}% 11
\BOOKMARK [2][-]{subsection.2.2.5}{\376\377\0002\000.\0002\000.\0005\000\040\166\356\137\125}{section.2.2}% 12
\BOOKMARK [2][-]{subsection.2.2.6}{\376\377\0002\000.\0002\000.\0006\000\040\116\073\211\201\173\046\123\367\210\150}{section.2.2}% 13
\BOOKMARK [1][-]{section.2.3}{\376\377\0002\000.\0003\000\040\133\146\117\115\213\272\145\207\153\143\145\207\166\204\211\304\203\003}{chapter.2}% 14
\BOOKMARK [2][-]{subsection.2.3.1}{\376\377\0002\000.\0003\000.\0001\000\040\176\352\213\272}{section.2.3}% 15
\BOOKMARK [2][-]{subsection.2.3.2}{\376\377\0002\000.\0003\000.\0002\000\040\164\006\213\272\122\006\147\220\116\016\174\373\176\337\116\377\167\037}{section.2.3}% 16
\BOOKMARK [2][-]{subsection.2.3.3}{\376\377\0002\000.\0003\000.\0003\000\040\145\160\120\074\213\241\173\227}{section.2.3}% 17
\BOOKMARK [2][-]{subsection.2.3.4}{\376\377\0002\000.\0003\000.\0004\000\040\133\236\232\214\170\024\172\166\123\312\135\345\172\013\133\236\163\260}{section.2.3}% 18
\BOOKMARK [2][-]{subsection.2.3.5}{\376\377\0002\000.\0003\000.\0005\000\040\176\323\213\272}{section.2.3}% 19
\BOOKMARK [2][-]{subsection.2.3.6}{\376\377\0002\000.\0003\000.\0006\000\040\143\322\126\376\060\001\210\150\150\074\060\001\121\154\137\017}{section.2.3}% 20
\BOOKMARK [2][-]{subsection.2.3.7}{\376\377\0002\000.\0003\000.\0007\000\040\201\364\214\042}{section.2.3}% 21
\BOOKMARK [2][-]{subsection.2.3.8}{\376\377\0002\000.\0003\000.\0008\000\040\123\302\200\003\145\207\163\056}{section.2.3}% 22
\BOOKMARK [1][-]{section.2.4}{\376\377\0002\000.\0004\000\040\133\146\117\115\213\272\145\207\166\204\226\104\137\125\377\014\145\073\213\373\133\146\117\115\147\037\225\364\123\302\122\240\171\321\170\024\140\305\121\265\123\312\203\267\137\227\166\204\133\146\147\057\142\020\147\234}{chapter.2}% 23
\BOOKMARK [2][-]{subsection.2.4.1}{\376\377\0002\000.\0004\000.\0001\000\040\226\104\137\125}{section.2.4}% 24
\BOOKMARK [2][-]{subsection.2.4.2}{\376\377\0002\000.\0004\000.\0002\000\040\145\073\213\373\133\146\117\115\147\037\225\364\123\302\122\240\171\321\170\024\140\305\121\265\123\312\203\267\137\227\166\204\133\146\147\057\142\020\147\234}{section.2.4}% 25
\BOOKMARK [0][-]{chapter.3}{\376\377\173\054\116\011\172\340\000\040\000\040\126\376\060\001\210\150\060\001\121\154\137\017\171\072\117\213}{}% 26
\BOOKMARK [0][-]{chapter.4}{\376\377\173\054\126\333\172\340\000\040\000\040\210\145\121\105\171\072\117\213}{}% 27
\BOOKMARK [1][-]{section.4.1}{\376\377\0004\000.\0001\000\040\121\154\137\017}{chapter.4}% 28
\BOOKMARK [2][-]{subsection.4.1.1}{\376\377\0004\000.\0001\000.\0001\000\040\136\046\176\246\147\137\147\141\116\366\166\204\121\154\137\017}{section.4.1}% 29
\BOOKMARK [2][-]{subsection.4.1.2}{\376\377\0004\000.\0001\000.\0002\000\040\131\032\173\111\137\017}{section.4.1}% 30
\BOOKMARK [2][-]{subsection.4.1.3}{\376\377\0004\000.\0001\000.\0003\000\040\225\177\121\154\137\017}{section.4.1}% 31
\BOOKMARK [2][-]{subsection.4.1.4}{\376\377\0004\000.\0001\000.\0004\000\040\167\351\226\065}{section.4.1}% 32
\BOOKMARK [1][-]{section.4.2}{\376\377\0004\000.\0002\000\040\126\376}{chapter.4}% 33
\BOOKMARK [2][-]{subsection.4.2.1}{\376\377\0004\000.\0002\000.\0001\000\040\000t\000i\000k\000z\165\073\126\376}{section.4.2}% 34
\BOOKMARK [2][-]{subsection.4.2.2}{\376\377\0004\000.\0002\000.\0002\000\040\131\032\126\376\143\222\122\027}{section.4.2}% 35
\BOOKMARK [1][-]{section.4.3}{\376\377\0004\000.\0003\000\040\210\150\150\074}{chapter.4}% 36
\BOOKMARK [1][-]{section.4.4}{\376\377\0004\000.\0004\000\040\145\207\163\056\137\025\165\050}{chapter.4}% 37
\BOOKMARK [0][-]{chapter.5}{\376\377\173\054\116\224\172\340\000\040\000\040\152\041\147\177\117\177\165\050\145\271\154\325}{}% 38
\BOOKMARK [1][-]{section.5.1}{\376\377\0005\000.\0001\000\040\152\041\147\177\123\005\166\356\137\125\176\323\147\204\213\364\146\016}{chapter.5}% 39
\BOOKMARK [1][-]{section.5.2}{\376\377\0005\000.\0002\000\040\163\257\130\203\144\055\136\372}{chapter.5}% 40
\BOOKMARK [2][-]{subsection.5.2.1}{\376\377\0005\000.\0002\000.\0001\000\040\000T\000e\000x\000L\000i\000v\000e\166\204\133\211\210\305}{section.5.2}% 41
\BOOKMARK [2][-]{subsection.5.2.2}{\376\377\0005\000.\0002\000.\0002\000\040\000V\000i\000s\000u\000a\000l\000\040\000S\000t\000u\000d\000i\000o\000\040\000C\000o\000d\000e\166\204\133\211\210\305}{section.5.2}% 42
\BOOKMARK [2][-]{subsection.5.2.3}{\376\377\0005\000.\0002\000.\0003\000\040\133\127\117\123\166\204\133\211\210\305}{section.5.2}% 43
\BOOKMARK [2][-]{subsection.5.2.4}{\376\377\0005\000.\0002\000.\0004\000\040\121\166\116\326\225\356\230\230}{section.5.2}% 44
\BOOKMARK [0][-]{section*.15}{\376\377\201\364\214\042}{}% 45
\BOOKMARK [0][-]{section*.17}{\376\377\123\302\200\003\145\207\163\056}{}% 46
\BOOKMARK [0][-]{section*.19}{\376\377\226\104\137\125}{}% 47
\BOOKMARK [0][-]{section*.20}{\376\377\145\073\213\373\170\125\130\353\133\146\117\115\147\037\225\364\123\302\122\240\171\321\170\024\140\305\121\265\123\312\203\267\137\227\166\204\133\146\147\057\142\020\147\234}{}% 48
